<?xml version="1.0" encoding="UTF-8"?>
<testsuite xmlns:xsi="http://www.w3.org/2001/XMLSchema-instance" xsi:noNamespaceSchemaLocation="https://maven.apache.org/surefire/maven-surefire-plugin/xsd/surefire-test-report.xsd" name="examples.RunnerAllTest" time="24.283" tests="11" errors="0" skipped="0" failures="0">
  <properties>
    <property name="sun.desktop" value="gnome"/>
    <property name="awt.toolkit" value="sun.awt.X11.XToolkit"/>
    <property name="java.specification.version" value="11"/>
    <property name="sun.cpu.isalist" value=""/>
    <property name="sun.jnu.encoding" value="UTF-8"/>
    <property name="java.class.path" value="/home/abhim/ProjectsGen/MakeMyTrip-CI-TryAgain/make-my-trip-tryagain/target/test-classes:/home/abhim/ProjectsGen/MakeMyTrip-CI-TryAgain/make-my-trip-tryagain/target/classes:/home/abhim/.m2/repository/com/intuit/karate/karate-junit4/1.1.0/karate-junit4-1.1.0.jar:/home/abhim/.m2/repository/com/intuit/karate/karate-core/1.1.0/karate-core-1.1.0.jar:/home/abhim/.m2/repository/org/graalvm/js/js-scriptengine/21.2.0/js-scriptengine-21.2.0.jar:/home/abhim/.m2/repository/org/graalvm/sdk/graal-sdk/21.2.0/graal-sdk-21.2.0.jar:/home/abhim/.m2/repository/org/graalvm/js/js/21.2.0/js-21.2.0.jar:/home/abhim/.m2/repository/org/graalvm/regex/regex/21.2.0/regex-21.2.0.jar:/home/abhim/.m2/repository/org/graalvm/truffle/truffle-api/21.2.0/truffle-api-21.2.0.jar:/home/abhim/.m2/repository/com/ibm/icu/icu4j/69.1/icu4j-69.1.jar:/home/abhim/.m2/repository/ch/qos/logback/logback-classic/1.2.3/logback-classic-1.2.3.jar:/home/abhim/.m2/repository/ch/qos/logback/logback-core/1.2.3/logback-core-1.2.3.jar:/home/abhim/.m2/repository/org/slf4j/slf4j-api/1.7.25/slf4j-api-1.7.25.jar:/home/abhim/.m2/repository/org/slf4j/jcl-over-slf4j/1.7.25/jcl-over-slf4j-1.7.25.jar:/home/abhim/.m2/repository/com/jayway/jsonpath/json-path/2.6.0/json-path-2.6.0.jar:/home/abhim/.m2/repository/net/minidev/json-smart/2.4.7/json-smart-2.4.7.jar:/home/abhim/.m2/repository/net/minidev/accessors-smart/2.4.7/accessors-smart-2.4.7.jar:/home/abhim/.m2/repository/org/ow2/asm/asm/9.1/asm-9.1.jar:/home/abhim/.m2/repository/info/cukes/cucumber-java/1.2.5/cucumber-java-1.2.5.jar:/home/abhim/.m2/repository/info/cukes/cucumber-core/1.2.5/cucumber-core-1.2.5.jar:/home/abhim/.m2/repository/org/yaml/snakeyaml/1.29/snakeyaml-1.29.jar:/home/abhim/.m2/repository/de/siegmar/fastcsv/2.0.0/fastcsv-2.0.0.jar:/home/abhim/.m2/repository/info/picocli/picocli/4.6.1/picocli-4.6.1.jar:/home/abhim/.m2/repository/junit/junit/4.11/junit-4.11.jar:/home/abhim/.m2/repository/org/hamcrest/hamcrest-core/1.3/hamcrest-core-1.3.jar:"/>
    <property name="java.vm.vendor" value="Ubuntu"/>
    <property name="sun.arch.data.model" value="64"/>
    <property name="java.vendor.url" value="https://ubuntu.com/"/>
    <property name="user.timezone" value=""/>
    <property name="java.vm.specification.version" value="11"/>
    <property name="os.name" value="Linux"/>
    <property name="sun.java.launcher" value="SUN_STANDARD"/>
    <property name="user.country" value="IN"/>
    <property name="sun.boot.library.path" value="/usr/lib/jvm/java-11-openjdk-amd64/lib"/>
    <property name="sun.java.command" value="/home/abhim/ProjectsGen/MakeMyTrip-CI-TryAgain/make-my-trip-tryagain/target/surefire/surefirebooter13192480191054865551.jar /home/abhim/ProjectsGen/MakeMyTrip-CI-TryAgain/make-my-trip-tryagain/target/surefire 2021-08-06T19-03-41_703-jvmRun1 surefire7758830866991831002tmp surefire_012944123615177194633tmp"/>
    <property name="jdk.debug" value="release"/>
    <property name="surefire.test.class.path" value="/home/abhim/ProjectsGen/MakeMyTrip-CI-TryAgain/make-my-trip-tryagain/target/test-classes:/home/abhim/ProjectsGen/MakeMyTrip-CI-TryAgain/make-my-trip-tryagain/target/classes:/home/abhim/.m2/repository/com/intuit/karate/karate-junit4/1.1.0/karate-junit4-1.1.0.jar:/home/abhim/.m2/repository/com/intuit/karate/karate-core/1.1.0/karate-core-1.1.0.jar:/home/abhim/.m2/repository/org/graalvm/js/js-scriptengine/21.2.0/js-scriptengine-21.2.0.jar:/home/abhim/.m2/repository/org/graalvm/sdk/graal-sdk/21.2.0/graal-sdk-21.2.0.jar:/home/abhim/.m2/repository/org/graalvm/js/js/21.2.0/js-21.2.0.jar:/home/abhim/.m2/repository/org/graalvm/regex/regex/21.2.0/regex-21.2.0.jar:/home/abhim/.m2/repository/org/graalvm/truffle/truffle-api/21.2.0/truffle-api-21.2.0.jar:/home/abhim/.m2/repository/com/ibm/icu/icu4j/69.1/icu4j-69.1.jar:/home/abhim/.m2/repository/ch/qos/logback/logback-classic/1.2.3/logback-classic-1.2.3.jar:/home/abhim/.m2/repository/ch/qos/logback/logback-core/1.2.3/logback-core-1.2.3.jar:/home/abhim/.m2/repository/org/slf4j/slf4j-api/1.7.25/slf4j-api-1.7.25.jar:/home/abhim/.m2/repository/org/slf4j/jcl-over-slf4j/1.7.25/jcl-over-slf4j-1.7.25.jar:/home/abhim/.m2/repository/com/jayway/jsonpath/json-path/2.6.0/json-path-2.6.0.jar:/home/abhim/.m2/repository/net/minidev/json-smart/2.4.7/json-smart-2.4.7.jar:/home/abhim/.m2/repository/net/minidev/accessors-smart/2.4.7/accessors-smart-2.4.7.jar:/home/abhim/.m2/repository/org/ow2/asm/asm/9.1/asm-9.1.jar:/home/abhim/.m2/repository/info/cukes/cucumber-java/1.2.5/cucumber-java-1.2.5.jar:/home/abhim/.m2/repository/info/cukes/cucumber-core/1.2.5/cucumber-core-1.2.5.jar:/home/abhim/.m2/repository/org/yaml/snakeyaml/1.29/snakeyaml-1.29.jar:/home/abhim/.m2/repository/de/siegmar/fastcsv/2.0.0/fastcsv-2.0.0.jar:/home/abhim/.m2/repository/info/picocli/picocli/4.6.1/picocli-4.6.1.jar:/home/abhim/.m2/repository/junit/junit/4.11/junit-4.11.jar:/home/abhim/.m2/repository/org/hamcrest/hamcrest-core/1.3/hamcrest-core-1.3.jar:"/>
    <property name="sun.cpu.endian" value="little"/>
    <property name="user.home" value="/home/abhim"/>
    <property name="user.language" value="en"/>
    <property name="java.specification.vendor" value="Oracle Corporation"/>
    <property name="java.version.date" value="2021-04-20"/>
    <property name="java.home" value="/usr/lib/jvm/java-11-openjdk-amd64"/>
    <property name="file.separator" value="/"/>
    <property name="basedir" value="/home/abhim/ProjectsGen/MakeMyTrip-CI-TryAgain/make-my-trip-tryagain"/>
    <property name="java.vm.compressedOopsMode" value="Zero based"/>
    <property name="line.separator" value="&#10;"/>
    <property name="java.specification.name" value="Java Platform API Specification"/>
    <property name="java.vm.specification.vendor" value="Oracle Corporation"/>
    <property name="java.awt.graphicsenv" value="sun.awt.X11GraphicsEnvironment"/>
    <property name="surefire.real.class.path" value="/home/abhim/ProjectsGen/MakeMyTrip-CI-TryAgain/make-my-trip-tryagain/target/surefire/surefirebooter13192480191054865551.jar"/>
    <property name="sun.management.compiler" value="HotSpot 64-Bit Tiered Compilers"/>
    <property name="java.runtime.version" value="11.0.11+9-Ubuntu-0ubuntu2.20.04"/>
    <property name="user.name" value="abhim"/>
    <property name="path.separator" value=":"/>
    <property name="os.version" value="5.8.0-63-generic"/>
    <property name="java.runtime.name" value="OpenJDK Runtime Environment"/>
    <property name="file.encoding" value="UTF-8"/>
    <property name="java.vm.name" value="OpenJDK 64-Bit Server VM"/>
    <property name="localRepository" value="/home/abhim/.m2/repository"/>
    <property name="java.vendor.url.bug" value="https://bugs.launchpad.net/ubuntu/+source/openjdk-lts"/>
    <property name="java.io.tmpdir" value="/tmp"/>
    <property name="java.version" value="11.0.11"/>
    <property name="user.dir" value="/home/abhim/ProjectsGen/MakeMyTrip-CI-TryAgain/make-my-trip-tryagain"/>
    <property name="os.arch" value="amd64"/>
    <property name="java.vm.specification.name" value="Java Virtual Machine Specification"/>
    <property name="java.awt.printerjob" value="sun.print.PSPrinterJob"/>
    <property name="sun.os.patch.level" value="unknown"/>
    <property name="java.library.path" value="/usr/java/packages/lib:/usr/lib/x86_64-linux-gnu/jni:/lib/x86_64-linux-gnu:/usr/lib/x86_64-linux-gnu:/usr/lib/jni:/lib:/usr/lib"/>
    <property name="java.vm.info" value="mixed mode, sharing"/>
    <property name="java.vendor" value="Ubuntu"/>
    <property name="java.vm.version" value="11.0.11+9-Ubuntu-0ubuntu2.20.04"/>
    <property name="sun.io.unicode.encoding" value="UnicodeLittle"/>
    <property name="java.class.version" value="55.0"/>
  </properties>
  <testcase name="[1:16] Create a label, update it and delete it" classname="[examples/features/labels] sample karate test script" time="2.673"/>
  <testcase name="[1:17] get all projects of a user" classname="[examples/features/tasks] sample karate test script" time="0.717"/>
  <testcase name="[2:24] Add a new Project and add a new task to it and delete" classname="[examples/features/tasks] sample karate test script" time="2.017"/>
  <testcase name="[3:44] Add a project, add a task and Change task due date,delete project" classname="[examples/features/tasks] sample karate test script" time="2.827"/>
  <testcase name="[4:70] Add a project, add a task and close it, reopen it" classname="[examples/features/tasks] sample karate test script" time="2.674"/>
  <testcase name="[1:101] testing" classname="[examples/hooks/AfterScenario] This feature file is used for communication with TestRail" time="0.035"/>
  <testcase name="[1:16] Create a label, update it and delete it" classname="[examples/users/labels] sample karate test script" time="2.086"/>
  <testcase name="[1:17] get all projects of a user" classname="[examples/users/tasks] sample karate test script" time="0.245"/>
  <testcase name="[2:24] Add a new Project and add a new task to it and delete" classname="[examples/users/tasks] sample karate test script" time="2.222"/>
  <testcase name="[3:44] Add a project, add a task and Change task due date,delete project" classname="[examples/users/tasks] sample karate test script" time="2.973"/>
  <testcase name="[4:70] Add a project, add a task and close it, reopen it" classname="[examples/users/tasks] sample karate test script" time="3.017"/>
</testsuite>